# JRE version: Java(TM) SE Runtime Environment (9.0+11) (build 9.0.4+11)
# Java VM: Java HotSpot(TM) 64-Bit Server VM (9.0.4+11, mixed mode, tiered, compressed oops, g1 gc, windows-amd64)
Heap:
 garbage-first heap   total 373760K, used 177708K [0x0000000700000000, 0x0000000700100b68, 0x00000007c0000000)
  region size 1024K, 35 young (35840K), 2 survivors (2048K)
 Metaspace       used 102457K, capacity 105437K, committed 112048K, reserved 1144832K
  class space    used 14083K, capacity 14661K, committed 16048K, reserved 1048576K
GC Heap History (10 events):
Event: 5820.904 GC heap before
{Heap before GC invocations=1037 (full 165):
 garbage-first heap   total 373760K, used 204198K [0x0000000700000000, 0x0000000700100b68, 0x00000007c0000000)
  region size 1024K, 60 young (61440K), 1 survivors (1024K)
 Metaspace       used 102434K, capacity 105309K, committed 111792K, reserved 1144832K
  class space    used 14083K, capacity 14661K, committed 16048K, reserved 1048576K
}
Event: 5820.906 GC heap after
{Heap after GC invocations=1038 (full 165):
 garbage-first heap   total 373760K, used 143795K [0x0000000700000000, 0x0000000700100b68, 0x00000007c0000000)
  region size 1024K, 1 young (1024K), 1 survivors (1024K)
 Metaspace       used 102434K, capacity 105309K, committed 111792K, reserved 1144832K
  class space    used 14083K, capacity 14661K, committed 16048K, reserved 1048576K
}
Event: 5821.106 GC heap before
{Heap before GC invocations=1038 (full 165):
 garbage-first heap   total 373760K, used 204211K [0x0000000700000000, 0x0000000700100b68, 0x00000007c0000000)
  region size 1024K, 60 young (61440K), 1 survivors (1024K)
 Metaspace       used 102434K, capacity 105309K, committed 111792K, reserved 1144832K
  class space    used 14083K, capacity 14661K, committed 16048K, reserved 1048576K
}
Event: 5821.108 GC heap after
{Heap after GC invocations=1039 (full 165):
 garbage-first heap   total 373760K, used 143813K [0x0000000700000000, 0x0000000700100b68, 0x00000007c0000000)
  region size 1024K, 1 young (1024K), 1 survivors (1024K)
 Metaspace       used 102434K, capacity 105309K, committed 111792K, reserved 1144832K
  class space    used 14083K, capacity 14661K, committed 16048K, reserved 1048576K
}
Event: 5821.910 GC heap before
{Heap before GC invocations=1039 (full 165):
 garbage-first heap   total 373760K, used 204229K [0x0000000700000000, 0x0000000700100b68, 0x00000007c0000000)
  region size 1024K, 60 young (61440K), 1 survivors (1024K)
 Metaspace       used 102434K, capacity 105309K, committed 111792K, reserved 1144832K
  class space    used 14083K, capacity 14661K, committed 16048K, reserved 1048576K
}
Event: 5821.912 GC heap after
{Heap after GC invocations=1040 (full 165):
 garbage-first heap   total 373760K, used 143892K [0x0000000700000000, 0x0000000700100b68, 0x00000007c0000000)
  region size 1024K, 1 young (1024K), 1 survivors (1024K)
 Metaspace       used 102434K, capacity 105309K, committed 111792K, reserved 1144832K
  class space    used 14083K, capacity 14661K, committed 16048K, reserved 1048576K
}
Event: 5822.564 GC heap before
{Heap before GC invocations=1040 (full 165):
 garbage-first heap   total 373760K, used 204308K [0x0000000700000000, 0x0000000700100b68, 0x00000007c0000000)
  region size 1024K, 60 young (61440K), 1 survivors (1024K)
 Metaspace       used 102445K, capacity 105309K, committed 111792K, reserved 1144832K
  class space    used 14083K, capacity 14661K, committed 16048K, reserved 1048576K
}
Event: 5822.566 GC heap after
{Heap after GC invocations=1041 (full 165):
 garbage-first heap   total 373760K, used 144348K [0x0000000700000000, 0x0000000700100b68, 0x00000007c0000000)
  region size 1024K, 2 young (2048K), 2 survivors (2048K)
 Metaspace       used 102445K, capacity 105309K, committed 111792K, reserved 1144832K
  class space    used 14083K, capacity 14661K, committed 16048K, reserved 1048576K
}
Event: 5825.438 GC heap before
{Heap before GC invocations=1041 (full 165):
 garbage-first heap   total 373760K, used 203740K [0x0000000700000000, 0x0000000700100b68, 0x00000007c0000000)
  region size 1024K, 60 young (61440K), 2 survivors (2048K)
 Metaspace       used 102448K, capacity 105373K, committed 111792K, reserved 1144832K
  class space    used 14083K, capacity 14661K, committed 16048K, reserved 1048576K
}
Event: 5825.441 GC heap after
{Heap after GC invocations=1042 (full 165):
 garbage-first heap   total 373760K, used 144940K [0x0000000700000000, 0x0000000700100b68, 0x00000007c0000000)
  region size 1024K, 2 young (2048K), 2 survivors (2048K)
 Metaspace       used 102448K, capacity 105373K, committed 111792K, reserved 1144832K
  class space    used 14083K, capacity 14661K, committed 16048K, reserved 1048576K
}

